<?xml version="1.0" encoding="UTF-8"?>
<!-- Generated by org.testng.reporters.JUnitXMLReporter -->
<testsuite hostname="Admin-PC" ignored="0" name="Test" tests="12" failures="2" timestamp="25 Sep 2019 19:27:22 GMT" time="0.488" errors="0">
  <testcase name="createUser" time="0.028" classname="learnTestNG.DemoA"/>
  <testcase name="createUser" time="0.004" classname="learnTestNG.DemoA"/>
  <testcase name="m1" time="0.052" classname="learnTestNG.DemoB"/>
  <testcase name="m1" time="0.008" classname="learnTestNG.DemoA"/>
  <testcase name="m2" time="0.004" classname="learnTestNG.DemoB"/>
  <testcase name="m2" time="0.008" classname="learnTestNG.DemoA"/>
  <testcase name="m3" time="0.008" classname="learnTestNG.DemoB">
    <failure type="java.lang.AssertionError" message="null">
      <![CDATA[java.lang.AssertionError: null
	at learnTestNG.DemoB.m3(DemoB.java:22)
... Removed 27 stack frames]]>
    </failure>
  </testcase> <!-- m3 -->
  <testcase name="m3" time="0.003" classname="learnTestNG.DemoA">
    <failure type="java.lang.AssertionError" message="null">
      <![CDATA[java.lang.AssertionError: null
	at learnTestNG.DemoA.m3(DemoA.java:22)
... Removed 27 stack frames]]>
    </failure>
  </testcase> <!-- m3 -->
  <testcase name="m4" time="0.007" classname="learnTestNG.DemoB"/>
  <testcase name="m4" time="0.1" classname="learnTestNG.DemoA"/>
  <testcase name="m5" time="0.002" classname="learnTestNG.DemoB"/>
  <testcase name="m5" time="0.002" classname="learnTestNG.DemoA"/>
</testsuite> <!-- Test -->
