<?xml version="1.0" encoding="UTF-8"?>
<testng-results skipped="0" failed="2" ignored="0" total="12" passed="10">
  <reporter-output>
    <line>
      <![CDATA[Crete User:user1pw:123]]>
    </line>
    <line>
      <![CDATA[Crete User:User2pw:456]]>
    </line>
    <line>
      <![CDATA[passed]]>
    </line>
    <line>
      <![CDATA[passed]]>
    </line>
    <line>
      <![CDATA[method5]]>
    </line>
    <line>
      <![CDATA[method5]]>
    </line>
  </reporter-output>
  <suite name="Suite" duration-ms="488" started-at="2019-09-25T19:27:21Z" finished-at="2019-09-25T19:27:22Z">
    <groups>
    </groups>
    <test name="Test" duration-ms="488" started-at="2019-09-25T19:27:21Z" finished-at="2019-09-25T19:27:22Z">
      <class name="learnTestNG.DemoB">
        <test-method status="PASS" signature="bSuite()[pri:0, instance:learnTestNG.DemoB@d992b2]" name="bSuite" is-config="true" duration-ms="35" started-at="2019-09-26T00:57:21Z" finished-at="2019-09-26T00:57:21Z">
          <reporter-output>
          </reporter-output>
        </test-method> <!-- bSuite -->
        <test-method status="PASS" signature="bTest()[pri:0, instance:learnTestNG.DemoB@d992b2]" name="bTest" is-config="true" duration-ms="1" started-at="2019-09-26T00:57:21Z" finished-at="2019-09-26T00:57:21Z">
          <reporter-output>
          </reporter-output>
        </test-method> <!-- bTest -->
        <test-method status="PASS" signature="bClass()[pri:0, instance:learnTestNG.DemoB@d992b2]" name="bClass" is-config="true" duration-ms="1" started-at="2019-09-26T00:57:21Z" finished-at="2019-09-26T00:57:21Z">
          <reporter-output>
          </reporter-output>
        </test-method> <!-- bClass -->
        <test-method status="PASS" signature="bMethod()[pri:0, instance:learnTestNG.DemoB@d992b2]" name="bMethod" is-config="true" duration-ms="1" started-at="2019-09-26T00:57:21Z" finished-at="2019-09-26T00:57:21Z">
          <reporter-output>
          </reporter-output>
        </test-method> <!-- bMethod -->
        <test-method status="PASS" signature="m1()[pri:1, instance:learnTestNG.DemoB@d992b2]" name="m1" duration-ms="52" started-at="2019-09-26T00:57:21Z" finished-at="2019-09-26T00:57:21Z">
          <reporter-output>
          </reporter-output>
        </test-method> <!-- m1 -->
        <test-method status="PASS" signature="aMethod()[pri:0, instance:learnTestNG.DemoB@d992b2]" name="aMethod" is-config="true" duration-ms="0" started-at="2019-09-26T00:57:21Z" finished-at="2019-09-26T00:57:21Z">
          <reporter-output>
          </reporter-output>
        </test-method> <!-- aMethod -->
        <test-method status="PASS" signature="m2()[pri:2, instance:learnTestNG.DemoB@d992b2]" name="m2" duration-ms="4" started-at="2019-09-26T00:57:21Z" finished-at="2019-09-26T00:57:21Z">
          <reporter-output>
          </reporter-output>
        </test-method> <!-- m2 -->
        <test-method status="PASS" signature="bMethod()[pri:0, instance:learnTestNG.DemoB@d992b2]" name="bMethod" is-config="true" duration-ms="0" started-at="2019-09-26T00:57:21Z" finished-at="2019-09-26T00:57:21Z">
          <reporter-output>
          </reporter-output>
        </test-method> <!-- bMethod -->
        <test-method status="PASS" signature="aMethod()[pri:0, instance:learnTestNG.DemoB@d992b2]" name="aMethod" is-config="true" duration-ms="1" started-at="2019-09-26T00:57:21Z" finished-at="2019-09-26T00:57:21Z">
          <reporter-output>
          </reporter-output>
        </test-method> <!-- aMethod -->
        <test-method status="FAIL" signature="m3()[pri:3, instance:learnTestNG.DemoB@d992b2]" name="m3" duration-ms="8" started-at="2019-09-26T00:57:21Z" finished-at="2019-09-26T00:57:21Z">
          <exception class="java.lang.AssertionError">
            <message>
              <![CDATA[null]]>
            </message>
            <full-stacktrace>
              <![CDATA[java.lang.AssertionError: null
	at org.testng.Assert.fail(Assert.java:93)
	at org.testng.Assert.fail(Assert.java:100)
	at learnTestNG.DemoB.m3(DemoB.java:22)
	at sun.reflect.NativeMethodAccessorImpl.invoke0(Native Method)
	at sun.reflect.NativeMethodAccessorImpl.invoke(Unknown Source)
	at sun.reflect.DelegatingMethodAccessorImpl.invoke(Unknown Source)
	at java.lang.reflect.Method.invoke(Unknown Source)
	at org.testng.internal.MethodInvocationHelper.invokeMethod(MethodInvocationHelper.java:108)
	at org.testng.internal.Invoker.invokeMethod(Invoker.java:661)
	at org.testng.internal.Invoker.invokeTestMethod(Invoker.java:869)
	at org.testng.internal.Invoker.invokeTestMethods(Invoker.java:1193)
	at org.testng.internal.TestMethodWorker.invokeTestMethods(TestMethodWorker.java:126)
	at org.testng.internal.TestMethodWorker.run(TestMethodWorker.java:109)
	at org.testng.TestRunner.privateRun(TestRunner.java:744)
	at org.testng.TestRunner.run(TestRunner.java:602)
	at org.testng.SuiteRunner.runTest(SuiteRunner.java:380)
	at org.testng.SuiteRunner.runSequentially(SuiteRunner.java:375)
	at org.testng.SuiteRunner.privateRun(SuiteRunner.java:340)
	at org.testng.SuiteRunner.run(SuiteRunner.java:289)
	at org.testng.SuiteRunnerWorker.runSuite(SuiteRunnerWorker.java:52)
	at org.testng.SuiteRunnerWorker.run(SuiteRunnerWorker.java:86)
	at org.testng.TestNG.runSuitesSequentially(TestNG.java:1301)
	at org.testng.TestNG.runSuitesLocally(TestNG.java:1226)
	at org.testng.TestNG.runSuites(TestNG.java:1144)
	at org.testng.TestNG.run(TestNG.java:1115)
	at org.testng.remote.AbstractRemoteTestNG.run(AbstractRemoteTestNG.java:132)
	at org.testng.remote.RemoteTestNG.initAndRun(RemoteTestNG.java:230)
	at org.testng.remote.RemoteTestNG.main(RemoteTestNG.java:76)
]]>
            </full-stacktrace>
          </exception> <!-- java.lang.AssertionError -->
          <reporter-output>
          </reporter-output>
        </test-method> <!-- m3 -->
        <test-method status="PASS" signature="bMethod()[pri:0, instance:learnTestNG.DemoB@d992b2]" name="bMethod" is-config="true" duration-ms="0" started-at="2019-09-26T00:57:21Z" finished-at="2019-09-26T00:57:21Z">
          <reporter-output>
          </reporter-output>
        </test-method> <!-- bMethod -->
        <test-method status="PASS" signature="aMethod()[pri:0, instance:learnTestNG.DemoB@d992b2]" name="aMethod" is-config="true" duration-ms="1" started-at="2019-09-26T00:57:21Z" finished-at="2019-09-26T00:57:21Z">
          <reporter-output>
          </reporter-output>
        </test-method> <!-- aMethod -->
        <test-method status="PASS" signature="m4()[pri:4, instance:learnTestNG.DemoB@d992b2]" name="m4" duration-ms="7" started-at="2019-09-26T00:57:21Z" finished-at="2019-09-26T00:57:21Z">
          <reporter-output>
            <line>
              <![CDATA[passed]]>
            </line>
          </reporter-output>
        </test-method> <!-- m4 -->
        <test-method status="PASS" signature="bMethod()[pri:0, instance:learnTestNG.DemoB@d992b2]" name="bMethod" is-config="true" duration-ms="0" started-at="2019-09-26T00:57:21Z" finished-at="2019-09-26T00:57:21Z">
          <reporter-output>
          </reporter-output>
        </test-method> <!-- bMethod -->
        <test-method status="PASS" signature="aMethod()[pri:0, instance:learnTestNG.DemoB@d992b2]" name="aMethod" is-config="true" duration-ms="1" started-at="2019-09-26T00:57:21Z" finished-at="2019-09-26T00:57:21Z">
          <reporter-output>
          </reporter-output>
        </test-method> <!-- aMethod -->
        <test-method status="PASS" signature="bMethod()[pri:0, instance:learnTestNG.DemoB@d992b2]" name="bMethod" is-config="true" duration-ms="1" started-at="2019-09-26T00:57:22Z" finished-at="2019-09-26T00:57:22Z">
          <reporter-output>
          </reporter-output>
        </test-method> <!-- bMethod -->
        <test-method status="PASS" signature="m5()[pri:5, instance:learnTestNG.DemoB@d992b2]" name="m5" duration-ms="2" started-at="2019-09-26T00:57:22Z" finished-at="2019-09-26T00:57:22Z">
          <reporter-output>
            <line>
              <![CDATA[method5]]>
            </line>
          </reporter-output>
        </test-method> <!-- m5 -->
        <test-method status="PASS" signature="aMethod()[pri:0, instance:learnTestNG.DemoB@d992b2]" name="aMethod" is-config="true" duration-ms="2" started-at="2019-09-26T00:57:22Z" finished-at="2019-09-26T00:57:22Z">
          <reporter-output>
          </reporter-output>
        </test-method> <!-- aMethod -->
        <test-method status="PASS" signature="aClass()[pri:0, instance:learnTestNG.DemoB@d992b2]" name="aClass" is-config="true" duration-ms="1" started-at="2019-09-26T00:57:22Z" finished-at="2019-09-26T00:57:22Z">
          <reporter-output>
          </reporter-output>
        </test-method> <!-- aClass -->
        <test-method status="PASS" signature="aTest()[pri:0, instance:learnTestNG.DemoB@d992b2]" name="aTest" is-config="true" duration-ms="0" started-at="2019-09-26T00:57:22Z" finished-at="2019-09-26T00:57:22Z">
          <reporter-output>
          </reporter-output>
        </test-method> <!-- aTest -->
        <test-method status="PASS" signature="aSuite()[pri:0, instance:learnTestNG.DemoB@d992b2]" name="aSuite" is-config="true" duration-ms="2" started-at="2019-09-26T00:57:22Z" finished-at="2019-09-26T00:57:22Z">
          <reporter-output>
          </reporter-output>
        </test-method> <!-- aSuite -->
      </class> <!-- learnTestNG.DemoB -->
      <class name="learnTestNG.DemoA">
        <test-method status="PASS" signature="createUser(java.lang.String, int)[pri:0, instance:learnTestNG.DemoA@15be6bb]" name="createUser" duration-ms="28" started-at="2019-09-26T00:57:21Z" data-provider="getdata" finished-at="2019-09-26T00:57:21Z">
          <params>
            <param index="0">
              <value>
                <![CDATA[user1]]>
              </value>
            </param>
            <param index="1">
              <value>
                <![CDATA[123]]>
              </value>
            </param>
          </params>
          <reporter-output>
            <line>
              <![CDATA[Crete User:user1pw:123]]>
            </line>
          </reporter-output>
        </test-method> <!-- createUser -->
        <test-method status="PASS" signature="createUser(java.lang.String, int)[pri:0, instance:learnTestNG.DemoA@15be6bb]" name="createUser" duration-ms="4" started-at="2019-09-26T00:57:21Z" data-provider="getdata" finished-at="2019-09-26T00:57:21Z">
          <params>
            <param index="0">
              <value>
                <![CDATA[User2]]>
              </value>
            </param>
            <param index="1">
              <value>
                <![CDATA[456]]>
              </value>
            </param>
          </params>
          <reporter-output>
            <line>
              <![CDATA[Crete User:User2pw:456]]>
            </line>
          </reporter-output>
        </test-method> <!-- createUser -->
        <test-method status="PASS" signature="m1()[pri:1, instance:learnTestNG.DemoA@15be6bb]" name="m1" duration-ms="8" started-at="2019-09-26T00:57:21Z" finished-at="2019-09-26T00:57:21Z">
          <reporter-output>
          </reporter-output>
        </test-method> <!-- m1 -->
        <test-method status="PASS" signature="m2()[pri:2, instance:learnTestNG.DemoA@15be6bb]" name="m2" duration-ms="8" started-at="2019-09-26T00:57:21Z" finished-at="2019-09-26T00:57:21Z">
          <reporter-output>
          </reporter-output>
        </test-method> <!-- m2 -->
        <test-method status="FAIL" signature="m3()[pri:3, instance:learnTestNG.DemoA@15be6bb]" name="m3" duration-ms="3" started-at="2019-09-26T00:57:21Z" finished-at="2019-09-26T00:57:21Z">
          <exception class="java.lang.AssertionError">
            <message>
              <![CDATA[null]]>
            </message>
            <full-stacktrace>
              <![CDATA[java.lang.AssertionError: null
	at org.testng.Assert.fail(Assert.java:93)
	at org.testng.Assert.fail(Assert.java:100)
	at learnTestNG.DemoA.m3(DemoA.java:22)
	at sun.reflect.NativeMethodAccessorImpl.invoke0(Native Method)
	at sun.reflect.NativeMethodAccessorImpl.invoke(Unknown Source)
	at sun.reflect.DelegatingMethodAccessorImpl.invoke(Unknown Source)
	at java.lang.reflect.Method.invoke(Unknown Source)
	at org.testng.internal.MethodInvocationHelper.invokeMethod(MethodInvocationHelper.java:108)
	at org.testng.internal.Invoker.invokeMethod(Invoker.java:661)
	at org.testng.internal.Invoker.invokeTestMethod(Invoker.java:869)
	at org.testng.internal.Invoker.invokeTestMethods(Invoker.java:1193)
	at org.testng.internal.TestMethodWorker.invokeTestMethods(TestMethodWorker.java:126)
	at org.testng.internal.TestMethodWorker.run(TestMethodWorker.java:109)
	at org.testng.TestRunner.privateRun(TestRunner.java:744)
	at org.testng.TestRunner.run(TestRunner.java:602)
	at org.testng.SuiteRunner.runTest(SuiteRunner.java:380)
	at org.testng.SuiteRunner.runSequentially(SuiteRunner.java:375)
	at org.testng.SuiteRunner.privateRun(SuiteRunner.java:340)
	at org.testng.SuiteRunner.run(SuiteRunner.java:289)
	at org.testng.SuiteRunnerWorker.runSuite(SuiteRunnerWorker.java:52)
	at org.testng.SuiteRunnerWorker.run(SuiteRunnerWorker.java:86)
	at org.testng.TestNG.runSuitesSequentially(TestNG.java:1301)
	at org.testng.TestNG.runSuitesLocally(TestNG.java:1226)
	at org.testng.TestNG.runSuites(TestNG.java:1144)
	at org.testng.TestNG.run(TestNG.java:1115)
	at org.testng.remote.AbstractRemoteTestNG.run(AbstractRemoteTestNG.java:132)
	at org.testng.remote.RemoteTestNG.initAndRun(RemoteTestNG.java:230)
	at org.testng.remote.RemoteTestNG.main(RemoteTestNG.java:76)
]]>
            </full-stacktrace>
          </exception> <!-- java.lang.AssertionError -->
          <reporter-output>
          </reporter-output>
        </test-method> <!-- m3 -->
        <test-method status="PASS" signature="m4()[pri:4, instance:learnTestNG.DemoA@15be6bb]" name="m4" duration-ms="100" started-at="2019-09-26T00:57:21Z" finished-at="2019-09-26T00:57:21Z">
          <reporter-output>
            <line>
              <![CDATA[passed]]>
            </line>
          </reporter-output>
        </test-method> <!-- m4 -->
        <test-method status="PASS" signature="m5()[pri:5, instance:learnTestNG.DemoA@15be6bb]" name="m5" duration-ms="2" started-at="2019-09-26T00:57:22Z" finished-at="2019-09-26T00:57:22Z">
          <reporter-output>
            <line>
              <![CDATA[method5]]>
            </line>
          </reporter-output>
        </test-method> <!-- m5 -->
      </class> <!-- learnTestNG.DemoA -->
    </test> <!-- Test -->
  </suite> <!-- Suite -->
</testng-results>
